<?xml version="1.0" encoding="UTF-8"?>
<!-- Generated by org.testng.reporters.JUnitReportReporter -->
<testsuite skipped="22" hostname="qtlsys0-105pc" name="com.qc.testcases.QCTestCases" tests="23" failures="0" timestamp="10 Feb 2020 09:19:40 GMT" time="67.857" errors="0">
  <testcase name="RegistrationTest" time="67.857" classname="com.qc.testcases.QCTestCases"/>
  <testcase name="RefinanceTest" classname="com.qc.testcases.QCTestCases">
    <skipped/>
  </testcase> <!-- RefinanceTest -->
  <testcase name="EPPVoidTest" classname="com.qc.testcases.QCTestCases">
    <skipped/>
  </testcase> <!-- EPPVoidTest -->
  <testcase name="InsightCardWithdrawalTest" classname="com.qc.testcases.QCTestCases">
    <skipped/>
  </testcase> <!-- InsightCardWithdrawalTest -->
  <testcase name="DCDepositTest2" classname="com.qc.testcases.QCTestCases">
    <skipped/>
  </testcase> <!-- DCDepositTest2 -->
  <testcase name="ACHPrePaymentTest" classname="com.qc.testcases.QCTestCases">
    <skipped/>
  </testcase> <!-- ACHPrePaymentTest -->
  <testcase name="EPPPaymentTest" classname="com.qc.testcases.QCTestCases">
    <skipped/>
  </testcase> <!-- EPPPaymentTest -->
  <testcase name="EPPPaymentVoidTest" classname="com.qc.testcases.QCTestCases">
    <skipped/>
  </testcase> <!-- EPPPaymentVoidTest -->
  <testcase name="ACHPrePaymentVoidTest" classname="com.qc.testcases.QCTestCases">
    <skipped/>
  </testcase> <!-- ACHPrePaymentVoidTest -->
  <testcase name="LoanVoidTest" classname="com.qc.testcases.QCTestCases">
    <skipped/>
  </testcase> <!-- LoanVoidTest -->
  <testcase name="newloantest" classname="com.qc.testcases.QCTestCases">
    <skipped/>
  </testcase> <!-- newloantest -->
  <testcase name="DCRevokeTest" classname="com.qc.testcases.QCTestCases">
    <skipped/>
  </testcase> <!-- DCRevokeTest -->
  <testcase name="PartialPaymentTest" classname="com.qc.testcases.QCTestCases">
    <skipped/>
  </testcase> <!-- PartialPaymentTest -->
  <testcase name="DCDepositTest" classname="com.qc.testcases.QCTestCases">
    <skipped/>
  </testcase> <!-- DCDepositTest -->
  <testcase name="ChargebackTest" classname="com.qc.testcases.QCTestCases">
    <skipped/>
  </testcase> <!-- ChargebackTest -->
  <testcase name="ACHDepositTest" classname="com.qc.testcases.QCTestCases">
    <skipped/>
  </testcase> <!-- ACHDepositTest -->
  <testcase name="ACHDepositVoidTest" classname="com.qc.testcases.QCTestCases">
    <skipped/>
  </testcase> <!-- ACHDepositVoidTest -->
  <testcase name="PartialPaymentVoidTest" classname="com.qc.testcases.QCTestCases">
    <skipped/>
  </testcase> <!-- PartialPaymentVoidTest -->
  <testcase name="BuyBackVoidTest" classname="com.qc.testcases.QCTestCases">
    <skipped/>
  </testcase> <!-- BuyBackVoidTest -->
  <testcase name="EPPTest" classname="com.qc.testcases.QCTestCases">
    <skipped/>
  </testcase> <!-- EPPTest -->
  <testcase name="BuyBackTest" classname="com.qc.testcases.QCTestCases">
    <skipped/>
  </testcase> <!-- BuyBackTest -->
  <testcase name="DCDepositVoidTest" classname="com.qc.testcases.QCTestCases">
    <skipped/>
  </testcase> <!-- DCDepositVoidTest -->
  <testcase name="LoanRescindTest" classname="com.qc.testcases.QCTestCases">
    <skipped/>
  </testcase> <!-- LoanRescindTest -->
</testsuite> <!-- com.qc.testcases.QCTestCases -->
