<?xml version="1.0" encoding="UTF-8"?>
<!-- Generated by org.testng.reporters.JUnitReportReporter -->
<testsuite skipped="0" hostname="qtlsys0-105pc" name="com.qc.utilities.NewCustomerRegFromConfig" tests="1" failures="0" timestamp="24 May 2019 14:22:41 GMT" time="33.941" errors="0">
  <testcase name="Reg" time="33.941" classname="com.qc.utilities.NewCustomerRegFromConfig"/>
</testsuite> <!-- com.qc.utilities.NewCustomerRegFromConfig -->
