<?xml version="1.0" encoding="UTF-8"?>
<!-- Generated by org.testng.reporters.JUnitReportReporter -->
<testsuite skipped="0" hostname="qtlsys0-105pc" name="com.qc.testcases.LoginPageTest" tests="3" failures="0" timestamp="10 Feb 2019 07:29:16 GMT" time="26.630" errors="0">
  <testcase name="testloginpagelogo" time="6.470" classname="com.qc.testcases.LoginPageTest"/>
  <testcase name="testloginpagetitle" time="6.931" classname="com.qc.testcases.LoginPageTest"/>
  <testcase name="testloginfunction" time="13.229" classname="com.qc.testcases.LoginPageTest"/>
</testsuite> <!-- com.qc.testcases.LoginPageTest -->
